\BOOKMARK [1][-]{section.1}{Trying to push on git}{}% 1
\BOOKMARK [1][-]{section.3}{Aufgaben}{}% 2
\BOOKMARK [2][-]{subsection.4}{Besetzungswahrscheinlichkeit Germanium}{section.3}% 3
\BOOKMARK [2][-]{subsection.6}{Beweglichkeiten}{section.3}% 4
\BOOKMARK [2][-]{subsection.7}{Ladungstr\344gerdichte in Metallen}{section.3}% 5
\BOOKMARK [2][-]{subsection.8}{Extrinsische Leitf\344higkeit}{section.3}% 6
\BOOKMARK [2][-]{subsection.12}{Hallspannung}{section.3}% 7
\BOOKMARK [1][-]{section.13}{Experimente}{}% 8
\BOOKMARK [2][-]{subsection.14}{M1}{section.13}% 9
\BOOKMARK [3][-]{subsubsection.15}{Messwerte}{subsection.14}% 10
\BOOKMARK [3][-]{subsubsection.18}{Fehlergrenzen}{subsection.14}% 11
\BOOKMARK [3][-]{subsubsection.19}{Auswertung}{subsection.14}% 12
\BOOKMARK [3][-]{subsubsection.23}{Vergleich}{subsection.14}% 13
\BOOKMARK [2][-]{subsection.24}{M2}{section.13}% 14
\BOOKMARK [3][-]{subsubsection.25}{Messwerte}{subsection.24}% 15
\BOOKMARK [3][-]{subsubsection.28}{Fehlergrenzen}{subsection.24}% 16
\BOOKMARK [3][-]{subsubsection.29}{Auswertung}{subsection.24}% 17
\BOOKMARK [2][-]{subsection.32}{M3.1}{section.13}% 18
\BOOKMARK [3][-]{subsubsection.33}{Messwerte}{subsection.32}% 19
\BOOKMARK [3][-]{subsubsection.36}{Fehlergrenzen}{subsection.32}% 20
\BOOKMARK [3][-]{subsubsection.37}{Auswertung}{subsection.32}% 21
\BOOKMARK [2][-]{subsection.39}{M3.2}{section.13}% 22
\BOOKMARK [3][-]{subsubsection.40}{Messwerte}{subsection.39}% 23
\BOOKMARK [3][-]{subsubsection.43}{Fehlergrenzen}{subsection.39}% 24
\BOOKMARK [3][-]{subsubsection.44}{Auswertung}{subsection.39}% 25
\BOOKMARK [2][-]{subsection.46}{M3.3}{section.13}% 26
\BOOKMARK [3][-]{subsubsection.47}{Fehlergrenzen}{subsection.46}% 27
\BOOKMARK [3][-]{subsubsection.48}{Hallspannung des n-dotierten Gemaniums: Vergleich der Messung im thermischen Gleichgewicht oder beim Abk\374hlen}{subsection.46}% 28
\BOOKMARK [3][-]{subsubsection.52}{Hallspannung des p-dotierten Gemaniums: Vergleich der Messung im thermischen Gleichgewicht oder beim Abk\374hlen}{subsection.46}% 29
\BOOKMARK [3][-]{subsubsection.56}{Fazit des Vergleichs der Messungen}{subsection.46}% 30
\BOOKMARK [3][-]{subsubsection.57}{Temperaturabh\344ngigkeit der Hallspannung von p- und n-dotiertem Germanium}{subsection.46}% 31
\BOOKMARK [3][-]{subsubsection.60}{Diskussion der Messwerte bei p-dotiertem Germanium \374ber 380K}{subsection.46}% 32
